<?xml version="1.0" encoding="UTF-8"?>
<!-- Generated by org.testng.reporters.JUnitReportReporter -->
<testsuite hostname="MBPe15C02S82S9FVH6.local" failures="0" tests="1" name="Test.Test.wikiTest" time="3.481" errors="0" timestamp="17 Dec. 2018 21:10:46 GMT" skipped="0">
  <testcase classname="Test.Test.wikiTest" name="wTest" time="3.481"/>
</testsuite> <!-- Test.Test.wikiTest -->
