<?xml version="1.0" encoding="UTF-8"?>
<!-- Generated by org.testng.reporters.JUnitReportReporter -->
<testsuite hostname="MBPe15C02S82S9FVH6.local" failures="0" tests="1" name="test.Login" time="5.733" errors="0" timestamp="09 Jan. 2019 22:55:53 GMT" skipped="0">
  <testcase classname="test.Login" name="cTest" time="5.733"/>
</testsuite> <!-- test.Login -->
