<?xml version="1.0" encoding="UTF-8"?>
<!-- Generated by org.testng.reporters.JUnitReportReporter -->
<testsuite hostname="MBPe15C02S82S9FVH6.local" failures="0" tests="1" name="test.Search" time="4.669" errors="0" timestamp="07 Jan. 2019 22:20:53 GMT" skipped="0">
  <testcase classname="test.Search" name="cTest" time="4.669"/>
</testsuite> <!-- test.Search -->
