<?xml version="1.0" encoding="UTF-8"?>
<!-- Generated by org.testng.reporters.JUnitReportReporter -->
<testsuite hostname="MBPe15C02S82S9FVH6.local" failures="0" tests="1" name="test.portalCalendar" time="7.134" errors="0" timestamp="19 Dec. 2018 21:49:01 GMT" skipped="0">
  <testcase classname="test.portalCalendar" name="cTest" time="7.134"/>
</testsuite> <!-- test.portalCalendar -->
